>> return url handler start
>> return url handler start
>> return url handler start
>> return url handler start
>> return url handler start
Change the status of bill 8
the status changed to TRADE_SUCCESS
>> return url handler start
>> return url handler start
Change the status of bill 9
the status changed to TRADE_SUCCESS
>> return url handler start
>> return url handler start
Change the status of bill 9
the status changed to TRADE_SUCCESS
>> return url handler start
Change the status of bill 11
the status changed to TRADE_SUCCESS
>> return url handler start
Change the status of bill 12
the status changed to TRADE_SUCCESS
>> return url handler start
Change the status of bill 20150422230649160
the status changed to TRADE_SUCCESS
>>notify url handler start...
pass verification...
Change the status of bill 20150422230649160
the status of bill 20150422230649160 changed to TRADE_SUCCESS
send mail to 82443751@qq.com:
send mail to 82443751@qq.com fail:
##info: Status of TRADE_SUCCESS
return success
>> return url handler start
>>notify url handler start...
pass verification...
Change the status of bill 20150422233713725
the status of bill 20150422233713725 changed to TRADE_SUCCESS
send mail to 82443751@qq.com:
send mail to 82443751@qq.com fail:
##info: Status of TRADE_SUCCESS
return success
>> return url handler start
Change the status of bill 20150422233713725
the status changed to TRADE_SUCCESS
>>notify url handler start...
pass verification...
Change the status of bill 20150422234308751
the status of bill 20150422234308751 changed to TRADE_SUCCESS
send mail to 82443751@qq.com:
send mail to 82443751@qq.com fail:
##info: Status of TRADE_SUCCESS
return success
>> return url handler start
Change the status of bill 20150422234308751
the status changed to TRADE_SUCCESS
>>notify url handler start...
pass verification...
Change the status of bill 20150422234308541
the status of bill 20150422234308541 changed to TRADE_SUCCESS
>> return url handler start
Change the status of bill 20150422234308541
>> return url handler start
>>notify url handler start...
pass verification...
Change the status of bill 20150422234308541
the status of bill 20150422234308541 changed to TRADE_SUCCESS
>>notify url handler start...
pass verification...
Change the status of bill 20150422234900776
the status of bill 20150422234900776 changed to TRADE_SUCCESS
>> return url handler start
Change the status of bill 20150422234900776
the status changed to TRADE_SUCCESS
>>notify url handler start...
pass verification...
Change the status of bill 20150422234900776
the status of bill 20150422234900776 changed to TRADE_SUCCESS
>>notify url handler start...
pass verification...
Change the status of bill 20150422235639174
the status of bill 20150422235639174 changed to TRADE_SUCCESS
send mail to 82443751@qq.com:
send mail to 82443751@qq.com fail:
##info: Status of TRADE_SUCCESS
return success
>> return url handler start
Change the status of bill 20150422235639174
the status changed to TRADE_SUCCESS
>>notify url handler start...
pass verification...
Change the status of bill 20150422235639954
the status of bill 20150422235639954 changed to TRADE_SUCCESS
>> return url handler start
Change the status of bill 20150422235639954
the status changed to TRADE_SUCCESS
>>notify url handler start...
pass verification...
Change the status of bill 20150422234308541
the status of bill 20150422234308541 changed to TRADE_SUCCESS
>>notify url handler start...
pass verification...
Change the status of bill 20150422235639954
the status of bill 20150422235639954 changed to TRADE_SUCCESS
>>notify url handler start...
pass verification...
Change the status of bill 20150423000435985
the status of bill 20150423000435985 changed to TRADE_SUCCESS
send mail to 82443751@qq.com:
send mail to 82443751@qq.com fail:
##info: Status of TRADE_SUCCESS
return success
>> return url handler start
Change the status of bill 20150423000435985
the status changed to TRADE_SUCCESS
>> return url handler start
>>notify url handler start...
pass verification...
Change the status of bill 20150422234308541
the status of bill 20150422234308541 changed to TRADE_SUCCESS
>>notify url handler start...
pass verification...
Change the status of bill 20150423000918943
the status of bill 20150423000918943 changed to TRADE_SUCCESS
send mail to 82443751@qq.com:
send mail to 82443751@qq.com fail:
##info: Status of TRADE_SUCCESS
return success
>> return url handler start
Change the status of bill 20150423000918943
the status changed to TRADE_SUCCESS
>>notify url handler start...
pass verification...
Change the status of bill 20150423000918707
the status of bill 20150423000918707 changed to TRADE_SUCCESS
>> return url handler start
Change the status of bill 20150423000918707
the status changed to TRADE_SUCCESS
>>notify url handler start...
pass verification...
Change the status of bill 20150422235639954
the status of bill 20150422235639954 changed to TRADE_SUCCESS
>>notify url handler start...
pass verification...
Change the status of bill 20150422234900776
the status of bill 20150422234900776 changed to TRADE_SUCCESS
>>notify url handler start...
pass verification...
Change the status of bill 20150423000918707
the status of bill 20150423000918707 changed to TRADE_SUCCESS
>>notify url handler start...
pass verification...
Change the status of bill 20150422235639954
the status of bill 20150422235639954 changed to TRADE_SUCCESS
>>notify url handler start...
pass verification...
Change the status of bill 20150423000918707
the status of bill 20150423000918707 changed to TRADE_SUCCESS
>>notify url handler start...
pass verification...
Change the status of bill 20150423000918707
the status of bill 20150423000918707 changed to TRADE_SUCCESS
>>notify url handler start...
pass verification...
Change the status of bill 20150422234308541
the status of bill 20150422234308541 changed to TRADE_SUCCESS
>>notify url handler start...
pass verification...
Change the status of bill 20150422234900776
the status of bill 20150422234900776 changed to TRADE_SUCCESS
>>notify url handler start...
pass verification...
Change the status of bill 20150422235639954
the status of bill 20150422235639954 changed to TRADE_SUCCESS
>>notify url handler start...
pass verification...
Change the status of bill 20150422220601120
>>notify url handler start...
pass verification...
Change the status of bill 20150423000918707
the status of bill 20150423000918707 changed to TRADE_SUCCESS
>>notify url handler start...
pass verification...
Change the status of bill 20150422234308541
the status of bill 20150422234308541 changed to TRADE_SUCCESS
>>notify url handler start...
pass verification...
Change the status of bill 20150422234900776
the status of bill 20150422234900776 changed to TRADE_SUCCESS
>>notify url handler start...
pass verification...
Change the status of bill 20150422235639954
the status of bill 20150422235639954 changed to TRADE_SUCCESS
>>notify url handler start...
pass verification...
Change the status of bill 20150423000918707
the status of bill 20150423000918707 changed to TRADE_SUCCESS
>>notify url handler start...
pass verification...
Change the status of bill 20150422220601120
>>notify url handler start...
pass verification...
Change the status of bill 20150422234308541
the status of bill 20150422234308541 changed to TRADE_SUCCESS
>>notify url handler start...
pass verification...
Change the status of bill 20150422234900776
the status of bill 20150422234900776 changed to TRADE_SUCCESS
>>notify url handler start...
pass verification...
Change the status of bill 20150422235639954
the status of bill 20150422235639954 changed to TRADE_SUCCESS
>>notify url handler start...
pass verification...
Change the status of bill 20150422235639954
the status of bill 20150422235639954 changed to TRADE_SUCCESS
>>notify url handler start...
pass verification...
Change the status of bill 20150423000918707
the status of bill 20150423000918707 changed to TRADE_SUCCESS
>>notify url handler start...
pass verification...
Change the status of bill 20150422220601120
>>notify url handler start...
return fail
>>notify url handler start...
return fail
>>notify url handler start...
pass verification...
Change the status of bill 20150422234308541
the status of bill 20150422234308541 changed to TRADE_SUCCESS
>>notify url handler start...
return fail
>>notify url handler start...
pass verification...
Change the status of bill 20150422234900776
the status of bill 20150422234900776 changed to TRADE_SUCCESS
>>notify url handler start...
pass verification...
Change the status of bill 20150423000918707
the status of bill 20150423000918707 changed to TRADE_SUCCESS
>>notify url handler start...
pass verification...
Change the status of bill 20150425161334151
the status of bill 20150425161334151 changed to TRADE_SUCCESS
send mail to dongchaodu@gmail.com:
send mail to dongchaodu@gmail.com fail:
##info: Status of TRADE_SUCCESS
return success
>> return url handler start
Change the status of bill 20150425161334151
the status changed to TRADE_SUCCESS
>>notify url handler start...
pass verification...
Change the status of bill 20150425161334521
the status of bill 20150425161334521 changed to TRADE_SUCCESS
>> return url handler start
Change the status of bill 20150425161334521
the status changed to TRADE_SUCCESS
>> return url handler start
>>notify url handler start...
pass verification...
Change the status of bill 20150425161334521
the status of bill 20150425161334521 changed to TRADE_SUCCESS
>>notify url handler start...
pass verification...
Change the status of bill 20150425161334521
the status of bill 20150425161334521 changed to TRADE_SUCCESS
>>notify url handler start...
pass verification...
Change the status of bill 20150425161334521
the status of bill 20150425161334521 changed to TRADE_SUCCESS
>>notify url handler start...
pass verification...
Change the status of bill 20150425161334521
the status of bill 20150425161334521 changed to TRADE_SUCCESS
>>notify url handler start...
pass verification...
Change the status of bill 20150425161334521
the status of bill 20150425161334521 changed to TRADE_SUCCESS
>>notify url handler start...
pass verification...
Change the status of bill 20150425161334521
the status of bill 20150425161334521 changed to TRADE_SUCCESS
>>notify url handler start...
pass verification...
Change the status of bill 20150425161334521
the status of bill 20150425161334521 changed to TRADE_SUCCESS
>>notify url handler start...
pass verification...
Change the status of bill 20150425161334521
the status of bill 20150425161334521 changed to TRADE_SUCCESS
>>notify url handler start...
pass verification...
Change the status of bill 20150429114846398
the status of bill 20150429114846398 changed to TRADE_SUCCESS
send mail to 82443751@qq.com:
send mail to 82443751@qq.com fail:
##info: Status of TRADE_SUCCESS
return success
>> return url handler start
Change the status of bill 20150429114846398
the status changed to TRADE_SUCCESS
>>notify url handler start...
pass verification...
Change the status of bill 20150429114846695
the status of bill 20150429114846695 changed to TRADE_SUCCESS
>> return url handler start
Change the status of bill 20150429114846695
the status changed to TRADE_SUCCESS
>>notify url handler start...
pass verification...
Change the status of bill 20150429114846695
the status of bill 20150429114846695 changed to TRADE_SUCCESS
>>notify url handler start...
pass verification...
Change the status of bill 20150429114846695
the status of bill 20150429114846695 changed to TRADE_SUCCESS
>>notify url handler start...
pass verification...
Change the status of bill 20150429120248360
the status of bill 20150429120248360 changed to TRADE_SUCCESS
send mail to 82443751@qq.com:
send mail to 82443751@qq.com success
##info: Status of TRADE_SUCCESS
return success
>> return url handler start
Change the status of bill 20150429120248360
the status changed to TRADE_SUCCESS
>>notify url handler start...
pass verification...
Change the status of bill 20150429114846695
the status of bill 20150429114846695 changed to TRADE_SUCCESS
>>notify url handler start...
pass verification...
Change the status of bill 20150429114846695
the status of bill 20150429114846695 changed to TRADE_SUCCESS
>>notify url handler start...
pass verification...
Change the status of bill 20150429114846695
the status of bill 20150429114846695 changed to TRADE_SUCCESS
>>notify url handler start...
pass verification...
Change the status of bill 20150429114846695
the status of bill 20150429114846695 changed to TRADE_SUCCESS
>>notify url handler start...
pass verification...
Change the status of bill 20150429114846695
the status of bill 20150429114846695 changed to TRADE_SUCCESS
>>notify url handler start...
pass verification...
Change the status of bill 20150617222846696
the status of bill 20150617222846696 changed to TRADE_SUCCESS
send mail to dongchaodu@gmail.com:
send mail to dongchaodu@gmail.com success
##info: Status of TRADE_SUCCESS
return success
>> return url handler start
Change the status of bill 20150617222846696
the status changed to TRADE_SUCCESS
>>notify url handler start...
pass verification...
Change the status of bill 20150617222846724
the status of bill 20150617222846724 changed to TRADE_SUCCESS
>> return url handler start
Change the status of bill 20150617222846724
the status changed to TRADE_SUCCESS
>>notify url handler start...
pass verification...
Change the status of bill 20150617222846724
the status of bill 20150617222846724 changed to TRADE_SUCCESS
>>notify url handler start...
pass verification...
Change the status of bill 20150617222846724
the status of bill 20150617222846724 changed to TRADE_SUCCESS
>>notify url handler start...
pass verification...
Change the status of bill 20150617222846724
the status of bill 20150617222846724 changed to TRADE_SUCCESS
>>notify url handler start...
pass verification...
Change the status of bill 20150617222846724
the status of bill 20150617222846724 changed to TRADE_SUCCESS
>>notify url handler start...
pass verification...
Change the status of bill 20150617222846724
the status of bill 20150617222846724 changed to TRADE_SUCCESS
>>notify url handler start...
pass verification...
Change the status of bill 20150617222846724
the status of bill 20150617222846724 changed to TRADE_SUCCESS
>>notify url handler start...
pass verification...
Change the status of bill 20150618152354973
the status of bill 20150618152354973 changed to TRADE_SUCCESS
send mail to dongchaodu@gmail.com:
send mail to dongchaodu@gmail.com success
##info: Status of TRADE_SUCCESS
return success
>> return url handler start
Change the status of bill 20150618152354973
the status changed to TRADE_SUCCESS
>> return url handler start
>>notify url handler start...
pass verification...
Change the status of bill 20150617222846724
the status of bill 20150617222846724 changed to TRADE_SUCCESS
>>notify url handler start...
pass verification...
Change the status of bill 20150326230457679
>>notify url handler start...
pass verification...
Change the status of bill 20150326230457679
>>notify url handler start...
pass verification...
Change the status of bill 20150326230457679
>>notify url handler start...
pass verification...
Change the status of bill 20150326230457679
>>notify url handler start...
pass verification...
Change the status of bill 20150326230457679
>>notify url handler start...
pass verification...
Change the status of bill 20150326230457679
>>notify url handler start...
pass verification...
Change the status of bill 20150326230457679
>>notify url handler start...
pass verification...
Change the status of bill 20150326230457679
>>notify url handler start...
pass verification...
Change the status of bill 20150404081005789
the status of bill 20150404081005789 changed to TRADE_FINISHED
send mail to 82443751@QQ.com:
send mail to 82443751@QQ.com success
##info: Status of TRADE_FINISHED
return success
>>notify url handler start...
pass verification...
Change the status of bill 20150404212844940
the status of bill 20150404212844940 changed to TRADE_FINISHED
send mail to kevin.ma@zhongkeyun.com:
send mail to kevin.ma@zhongkeyun.com success
##info: Status of TRADE_FINISHED
return success
